photopicker/build/intermediates/manifest_merge_blame_file/debug/manifest-merger-blame-debug-report.txt
1<?xml version="1.0" encoding="utf-8"?>
2<manifest xmlns:android="http://schemas.android.com/apk/res/android"
3    package="lv.chi.photopicker"
4    android:versionCode="1"
5    android:versionName="1.0" >
6
7    <uses-sdk
8        android:minSdkVersion="21"
8-->src\main\AndroidManifest.xml
9        android:targetSdkVersion="29" />
9-->src\main\AndroidManifest.xml
10
11    <uses-permission android:name="android.permission.CAMERA" />
11-->src\main\AndroidManifest.xml:4:5-65
11-->src\main\AndroidManifest.xml:4:22-62
12
13    <application>
13-->src\main\AndroidManifest.xml:6:5-12:19
14        <activity
14-->src\main\AndroidManifest.xml:8:9-11:65
15            android:name="lv.chi.photopicker.utils.CameraActivity"
15-->src\main\AndroidManifest.xml:9:13-49
16            android:screenOrientation="portrait"
16-->src\main\AndroidManifest.xml:10:13-49
17            android:theme="@style/Theme.AppCompat.NoActionBar" />
17-->src\main\AndroidManifest.xml:11:13-63
18    </application>
19
20</manifest>